16:56:22 **** Incremental Build of configuration Debug for project sockets-lib ****
make all 
make: Nothing to be done for 'all'.
16:56:23 **** Incremental Build of configuration Default for project Kernel ****
make all 
Building file: ../Kernel.c
Invoking: GCC C Compiler
gcc -I"/home/utnso/workspace/tp-2019-1c-UbUTNu/Operativos/sockets-lib" -O2 -g -Wall -c -fmessage-length=0 -MMD -MP -MF"Kernel.d" -MT"Kernel.o" -o "Kernel.o" "../Kernel.c"
Finished building: ../Kernel.c
 
Building target: Kernel
Invoking: GCC C Linker
gcc -L"/home/utnso/workspace/tp-2019-1c-UbUTNu/Operativos/sockets-lib/Debug" -o "Kernel"  ./Kernel.o   -lsockets-lib -lpthread
Finished building target: Kernel
 
16:56:56 **** Incremental Build of configuration Debug for project sockets-lib ****
make all 
Building file: ../sock/sockets-lib.c
Invoking: GCC C Compiler
gcc -O0 -g3 -Wall -c -fmessage-length=0 -fPIC -MMD -MP -MF"sock/sockets-lib.d" -MT"sock/sockets-lib.o" -o "sock/sockets-lib.o" "../sock/sockets-lib.c"
../sock/sockets-lib.c: In function ‘recibirMensaje’:
../sock/sockets-lib.c:111:11: warning: format ‘%s’ expects argument of type ‘char *’, but argument 2 has type ‘t_Package_Request {aka struct <anonymous>}’ [-Wformat=]
    printf("%s", package);
           ^
../sock/sockets-lib.c: In function ‘split’:
../sock/sockets-lib.c:186:7: warning: assignment discards ‘const’ qualifier from pointer target type [-Wdiscarded-qualifiers]
     p = str;
       ^
../sock/sockets-lib.c:198:7: warning: assignment discards ‘const’ qualifier from pointer target type [-Wdiscarded-qualifiers]
     p = str;
       ^
../sock/sockets-lib.c:218:7: warning: assignment discards ‘const’ qualifier from pointer target type [-Wdiscarded-qualifiers]
     p = str;
       ^
Finished building: ../sock/sockets-lib.c
 
Building target: libsockets-lib.so
Invoking: GCC C Linker
gcc -shared -o "libsockets-lib.so"  ./sock/sockets-lib.o   
Finished building target: libsockets-lib.so
 
16:56:58 **** Incremental Build of configuration Debug for project Memoria ****
make all 
Building target: Memoria
Invoking: GCC C Linker
gcc -L"/home/utnso/workspace/tp-2019-1c-UbUTNu/Operativos/sockets-lib/Debug" -o "Memoria"  ./Memoria.o   -lsockets-lib -lpthread
Finished building target: Memoria
 
16:57:12 **** Incremental Build of configuration Debug for project sockets-lib ****
make all 
Building file: ../sock/sockets-lib.c
Invoking: GCC C Compiler
gcc -O0 -g3 -Wall -c -fmessage-length=0 -fPIC -MMD -MP -MF"sock/sockets-lib.d" -MT"sock/sockets-lib.o" -o "sock/sockets-lib.o" "../sock/sockets-lib.c"
../sock/sockets-lib.c: In function ‘recibirMensaje’:
../sock/sockets-lib.c:111:11: warning: format ‘%s’ expects argument of type ‘char *’, but argument 2 has type ‘t_Package_Request {aka struct <anonymous>}’ [-Wformat=]
    printf("%s", package);
           ^
../sock/sockets-lib.c: In function ‘split’:
../sock/sockets-lib.c:186:7: warning: assignment discards ‘const’ qualifier from pointer target type [-Wdiscarded-qualifiers]
     p = str;
       ^
../sock/sockets-lib.c:198:7: warning: assignment discards ‘const’ qualifier from pointer target type [-Wdiscarded-qualifiers]
     p = str;
       ^
../sock/sockets-lib.c:218:7: warning: assignment discards ‘const’ qualifier from pointer target type [-Wdiscarded-qualifiers]
     p = str;
       ^
Finished building: ../sock/sockets-lib.c
 
Building target: libsockets-lib.so
Invoking: GCC C Linker
gcc -shared -o "libsockets-lib.so"  ./sock/sockets-lib.o   
Finished building target: libsockets-lib.so
 
16:57:13 **** Incremental Build of configuration Default for project Kernel ****
make all 
Building target: Kernel
Invoking: GCC C Linker
gcc -L"/home/utnso/workspace/tp-2019-1c-UbUTNu/Operativos/sockets-lib/Debug" -o "Kernel"  ./Kernel.o   -lsockets-lib -lpthread
Finished building target: Kernel
 
