11:32:52 **** Build of configuration Debug for project Memoria ****
make all 
Building file: ../Memoria.c
Invoking: GCC C Compiler
gcc -I"/home/utnso/workspace/tp-2019-1c-UbUTNu/Operativos/sockets-lib" -O0 -g3 -Wall -c -fmessage-length=0 -MMD -MP -MF"Memoria.d" -MT"Memoria.o" -o "Memoria.o" "../Memoria.c"
../Memoria.c: In function ‘main’:
../Memoria.c:29:12: warning: implicit declaration of function ‘leerHeader’ [-Wimplicit-function-declaration]
   header = leerHeader(socket_cli);
            ^
../Memoria.c:33:3: warning: enumeration value ‘CREATE’ not handled in switch [-Wswitch]
   switch (header) {
   ^
../Memoria.c:33:3: warning: enumeration value ‘DESCRIBE’ not handled in switch [-Wswitch]
../Memoria.c:33:3: warning: enumeration value ‘DROP’ not handled in switch [-Wswitch]
../Memoria.c:33:3: warning: enumeration value ‘JOURNAL’ not handled in switch [-Wswitch]
../Memoria.c:33:3: warning: enumeration value ‘ADD’ not handled in switch [-Wswitch]
../Memoria.c:33:3: warning: enumeration value ‘RUN’ not handled in switch [-Wswitch]
../Memoria.c:33:3: warning: enumeration value ‘NIL’ not handled in switch [-Wswitch]
../Memoria.c: In function ‘cargarSegmentoEnTabla’:
../Memoria.c:63:12: warning: ‘seg’ is used uninitialized in this function [-Wuninitialized]
  seg->path = nuevoSeg.path;
            ^
Finished building: ../Memoria.c
 
Building target: Memoria
Invoking: GCC C Linker
gcc -L"/home/utnso/workspace/tp-2019-1c-UbUTNu/Operativos/sockets-lib/Debug" -o "Memoria"  ./Memoria.o   -lsockets-lib -lcommons -lpthread
Finished building target: Memoria
 

11:32:54 Build Finished (took 1s.821ms)

